{"C:\\Users\\shu.chang\\Desktop\\projects\\testsmith\\tests\\fixtures\\coverage-e2e\\src\\add.ts": {"path":"C:\\Users\\shu.chang\\Desktop\\projects\\testsmith\\tests\\fixtures\\coverage-e2e\\src\\add.ts","all":false,"statementMap":{"0":{"start":{"line":1,"column":0},"end":{"line":1,"column":51}},"1":{"start":{"line":2,"column":0},"end":{"line":2,"column":15}},"2":{"start":{"line":3,"column":0},"end":{"line":3,"column":1}}},"s":{"0":1,"1":1,"2":1},"branchMap":{"0":{"type":"branch","line":1,"loc":{"start":{"line":1,"column":7},"end":{"line":3,"column":1}},"locations":[{"start":{"line":1,"column":7},"end":{"line":3,"column":1}}]}},"b":{"0":[1]},"fnMap":{"0":{"name":"add","decl":{"start":{"line":1,"column":7},"end":{"line":3,"column":1}},"loc":{"start":{"line":1,"column":7},"end":{"line":3,"column":1}},"line":1}},"f":{"0":1}}
,"C:\\Users\\shu.chang\\Desktop\\projects\\testsmith\\tests\\fixtures\\coverage-e2e\\src\\partial.ts": {"path":"C:\\Users\\shu.chang\\Desktop\\projects\\testsmith\\tests\\fixtures\\coverage-e2e\\src\\partial.ts","all":false,"statementMap":{"0":{"start":{"line":1,"column":0},"end":{"line":1,"column":41}},"1":{"start":{"line":2,"column":0},"end":{"line":2,"column":26}},"2":{"start":{"line":3,"column":0},"end":{"line":3,"column":26}},"3":{"start":{"line":4,"column":0},"end":{"line":4,"column":16}},"4":{"start":{"line":5,"column":0},"end":{"line":5,"column":1}}},"s":{"0":1,"1":1,"2":0,"3":0,"4":0},"branchMap":{"0":{"type":"branch","line":1,"loc":{"start":{"line":1,"column":7},"end":{"line":5,"column":1}},"locations":[{"start":{"line":1,"column":7},"end":{"line":5,"column":1}}]},"1":{"type":"branch","line":2,"loc":{"start":{"line":2,"column":20},"end":{"line":5,"column":1}},"locations":[{"start":{"line":2,"column":20},"end":{"line":5,"column":1}}]}},"b":{"0":[1],"1":[0]},"fnMap":{"0":{"name":"sign","decl":{"start":{"line":1,"column":7},"end":{"line":5,"column":1}},"loc":{"start":{"line":1,"column":7},"end":{"line":5,"column":1}},"line":1}},"f":{"0":1}}
,"C:\\Users\\shu.chang\\Desktop\\projects\\testsmith\\tests\\fixtures\\coverage-e2e\\src\\untested.ts": {"path":"C:\\Users\\shu.chang\\Desktop\\projects\\testsmith\\tests\\fixtures\\coverage-e2e\\src\\untested.ts","all":true,"statementMap":{"0":{"start":{"line":1,"column":0},"end":{"line":1,"column":51}},"1":{"start":{"line":2,"column":0},"end":{"line":2,"column":15}},"2":{"start":{"line":3,"column":0},"end":{"line":3,"column":1}}},"s":{"0":0,"1":0,"2":0},"branchMap":{"0":{"type":"branch","line":1,"loc":{"start":{"line":1,"column":69},"end":{"line":3,"column":1}},"locations":[{"start":{"line":1,"column":69},"end":{"line":3,"column":1}}]}},"b":{"0":[0]},"fnMap":{"0":{"name":"(empty-report)","decl":{"start":{"line":1,"column":69},"end":{"line":3,"column":1}},"loc":{"start":{"line":1,"column":69},"end":{"line":3,"column":1}},"line":1}},"f":{"0":0}}
}
